<?xml version="1.0" encoding="UTF-8"?>
<coverage generated="1619008833">
  <project timestamp="1619008833">
    <file name="/Users/olivier.mairet/Dev/cloud-jwt/src/Cloud/Aws/AwsAlgorithmVerifier.php">
      <class name="OpenClassrooms\CloudJwt\Cloud\Aws\AwsAlgorithmVerifier" namespace="global">
        <metrics complexity="2" methods="1" coveredmethods="1" conditionals="0" coveredconditionals="0" statements="5" coveredstatements="5" elements="6" coveredelements="6"/>
      </class>
      <line num="26" type="method" name="checkAlgorithmAllowed" visibility="public" complexity="2" crap="2" count="12"/>
      <line num="28" type="stmt" count="12"/>
      <line num="29" type="stmt" count="3"/>
      <line num="30" type="stmt" count="3"/>
      <line num="32" type="stmt" count="3"/>
      <line num="35" type="stmt" count="9"/>
      <metrics loc="36" ncloc="33" classes="1" methods="1" coveredmethods="1" conditionals="0" coveredconditionals="0" statements="5" coveredstatements="5" elements="6" coveredelements="6"/>
    </file>
    <file name="/Users/olivier.mairet/Dev/cloud-jwt/src/Cloud/Aws/AwsGrant.php">
      <class name="OpenClassrooms\CloudJwt\Cloud\Aws\AwsGrant" namespace="global">
        <metrics complexity="1" methods="1" coveredmethods="1" conditionals="0" coveredconditionals="0" statements="4" coveredstatements="4" elements="5" coveredelements="5"/>
      </class>
      <line num="11" type="method" name="retrieveToken" visibility="public" complexity="1" crap="1" count="1"/>
      <line num="13" type="stmt" count="1"/>
      <line num="14" type="stmt" count="1"/>
      <line num="15" type="stmt" count="1"/>
      <line num="19" type="stmt" count="1"/>
      <metrics loc="21" ncloc="21" classes="1" methods="1" coveredmethods="1" conditionals="0" coveredconditionals="0" statements="4" coveredstatements="4" elements="5" coveredelements="5"/>
    </file>
    <file name="/Users/olivier.mairet/Dev/cloud-jwt/src/Cloud/Aws/AwsSigner.php">
      <class name="OpenClassrooms\CloudJwt\Cloud\Aws\AwsSigner" namespace="global">
        <metrics complexity="5" methods="4" coveredmethods="4" conditionals="0" coveredconditionals="0" statements="17" coveredstatements="17" elements="21" coveredelements="21"/>
      </class>
      <line num="25" type="method" name="__construct" visibility="public" complexity="1" crap="1" count="6"/>
      <line num="27" type="stmt" count="6"/>
      <line num="29" type="stmt" count="5"/>
      <line num="30" type="stmt" count="5"/>
      <line num="31" type="stmt" count="5"/>
      <line num="32" type="stmt" count="5"/>
      <line num="33" type="stmt" count="5"/>
      <line num="38" type="method" name="sign" visibility="public" complexity="2" crap="2" count="2"/>
      <line num="41" type="stmt" count="2"/>
      <line num="42" type="stmt" count="2"/>
      <line num="43" type="stmt" count="2"/>
      <line num="44" type="stmt" count="2"/>
      <line num="45" type="stmt" count="2"/>
      <line num="46" type="stmt" count="2"/>
      <line num="49" type="stmt" count="1"/>
      <line num="50" type="stmt" count="1"/>
      <line num="51" type="stmt" count="1"/>
      <line num="55" type="method" name="getKeyId" visibility="public" complexity="1" crap="1" count="1"/>
      <line num="57" type="stmt" count="1"/>
      <line num="60" type="method" name="getAlgorithm" visibility="public" complexity="1" crap="1" count="1"/>
      <line num="62" type="stmt" count="1"/>
      <metrics loc="64" ncloc="58" classes="1" methods="4" coveredmethods="4" conditionals="0" coveredconditionals="0" statements="17" coveredstatements="17" elements="21" coveredelements="21"/>
    </file>
    <file name="/Users/olivier.mairet/Dev/cloud-jwt/src/Cloud/Aws/AwsVerifier.php">
      <class name="OpenClassrooms\CloudJwt\Cloud\Aws\AwsVerifier" namespace="global">
        <metrics complexity="4" methods="2" coveredmethods="2" conditionals="0" coveredconditionals="0" statements="16" coveredstatements="16" elements="18" coveredelements="18"/>
      </class>
      <line num="18" type="method" name="__construct" visibility="public" complexity="1" crap="1" count="5"/>
      <line num="20" type="stmt" count="5"/>
      <line num="21" type="stmt" count="5"/>
      <line num="22" type="stmt" count="5"/>
      <line num="27" type="method" name="verify" visibility="public" complexity="3" crap="3" count="4"/>
      <line num="29" type="stmt" count="4"/>
      <line num="32" type="stmt" count="3"/>
      <line num="33" type="stmt" count="3"/>
      <line num="34" type="stmt" count="3"/>
      <line num="35" type="stmt" count="3"/>
      <line num="36" type="stmt" count="3"/>
      <line num="37" type="stmt" count="3"/>
      <line num="38" type="stmt" count="3"/>
      <line num="41" type="stmt" count="2"/>
      <line num="42" type="stmt" count="2"/>
      <line num="44" type="stmt" count="2"/>
      <line num="45" type="stmt" count="1"/>
      <line num="47" type="stmt" count="1"/>
      <metrics loc="48" ncloc="45" classes="1" methods="2" coveredmethods="2" conditionals="0" coveredconditionals="0" statements="16" coveredstatements="16" elements="18" coveredelements="18"/>
    </file>
    <file name="/Users/olivier.mairet/Dev/cloud-jwt/src/Cloud/SignerInterface.php">
      <metrics loc="17" ncloc="14" classes="0" methods="0" coveredmethods="0" conditionals="0" coveredconditionals="0" statements="0" coveredstatements="0" elements="0" coveredelements="0"/>
    </file>
    <file name="/Users/olivier.mairet/Dev/cloud-jwt/src/Cloud/VerifierInterface.php">
      <metrics loc="14" ncloc="10" classes="0" methods="0" coveredmethods="0" conditionals="0" coveredconditionals="0" statements="0" coveredstatements="0" elements="0" coveredelements="0"/>
    </file>
    <file name="/Users/olivier.mairet/Dev/cloud-jwt/src/Exception/Cloud/SignatureException.php">
      <class name="OpenClassrooms\CloudJwt\Exception\Cloud\SignatureException" namespace="global">
        <metrics complexity="1" methods="1" coveredmethods="1" conditionals="0" coveredconditionals="0" statements="1" coveredstatements="1" elements="2" coveredelements="2"/>
      </class>
      <line num="12" type="method" name="__construct" visibility="public" complexity="1" crap="1" count="1"/>
      <line num="14" type="stmt" count="1"/>
      <metrics loc="15" ncloc="15" classes="1" methods="1" coveredmethods="1" conditionals="0" coveredconditionals="0" statements="1" coveredstatements="1" elements="2" coveredelements="2"/>
    </file>
    <file name="/Users/olivier.mairet/Dev/cloud-jwt/src/Exception/Cloud/UnallowedAlgorithmException.php">
      <class name="OpenClassrooms\CloudJwt\Exception\Cloud\UnallowedAlgorithmException" namespace="global">
        <metrics complexity="0" methods="0" coveredmethods="0" conditionals="0" coveredconditionals="0" statements="0" coveredstatements="0" elements="0" coveredelements="0"/>
      </class>
      <metrics loc="11" ncloc="11" classes="0" methods="0" coveredmethods="0" conditionals="0" coveredconditionals="0" statements="0" coveredstatements="0" elements="0" coveredelements="0"/>
    </file>
    <file name="/Users/olivier.mairet/Dev/cloud-jwt/src/Exception/Cloud/VerificationException.php">
      <class name="OpenClassrooms\CloudJwt\Exception\Cloud\VerificationException" namespace="global">
        <metrics complexity="1" methods="1" coveredmethods="1" conditionals="0" coveredconditionals="0" statements="1" coveredstatements="1" elements="2" coveredelements="2"/>
      </class>
      <line num="12" type="method" name="__construct" visibility="public" complexity="1" crap="1" count="3"/>
      <line num="14" type="stmt" count="3"/>
      <metrics loc="15" ncloc="15" classes="1" methods="1" coveredmethods="1" conditionals="0" coveredconditionals="0" statements="1" coveredstatements="1" elements="2" coveredelements="2"/>
    </file>
    <file name="/Users/olivier.mairet/Dev/cloud-jwt/src/Exception/CloudJwtException.php">
      <class name="OpenClassrooms\CloudJwt\Exception\CloudJwtException" namespace="global">
        <metrics complexity="0" methods="0" coveredmethods="0" conditionals="0" coveredconditionals="0" statements="0" coveredstatements="0" elements="0" coveredelements="0"/>
      </class>
      <metrics loc="9" ncloc="9" classes="0" methods="0" coveredmethods="0" conditionals="0" coveredconditionals="0" statements="0" coveredstatements="0" elements="0" coveredelements="0"/>
    </file>
    <file name="/Users/olivier.mairet/Dev/cloud-jwt/src/Exception/Jwt/InvalidEncodingException.php">
      <class name="OpenClassrooms\CloudJwt\Exception\Jwt\InvalidEncodingException" namespace="global">
        <metrics complexity="0" methods="0" coveredmethods="0" conditionals="0" coveredconditionals="0" statements="0" coveredstatements="0" elements="0" coveredelements="0"/>
      </class>
      <metrics loc="11" ncloc="11" classes="0" methods="0" coveredmethods="0" conditionals="0" coveredconditionals="0" statements="0" coveredstatements="0" elements="0" coveredelements="0"/>
    </file>
    <file name="/Users/olivier.mairet/Dev/cloud-jwt/src/Exception/Jwt/InvalidHeadersEncodingException.php">
      <class name="OpenClassrooms\CloudJwt\Exception\Jwt\InvalidHeadersEncodingException" namespace="global">
        <metrics complexity="0" methods="0" coveredmethods="0" conditionals="0" coveredconditionals="0" statements="0" coveredstatements="0" elements="0" coveredelements="0"/>
      </class>
      <metrics loc="11" ncloc="11" classes="0" methods="0" coveredmethods="0" conditionals="0" coveredconditionals="0" statements="0" coveredstatements="0" elements="0" coveredelements="0"/>
    </file>
    <file name="/Users/olivier.mairet/Dev/cloud-jwt/src/Exception/Jwt/InvalidPayloadEncodingException.php">
      <class name="OpenClassrooms\CloudJwt\Exception\Jwt\InvalidPayloadEncodingException" namespace="global">
        <metrics complexity="0" methods="0" coveredmethods="0" conditionals="0" coveredconditionals="0" statements="0" coveredstatements="0" elements="0" coveredelements="0"/>
      </class>
      <metrics loc="11" ncloc="11" classes="0" methods="0" coveredmethods="0" conditionals="0" coveredconditionals="0" statements="0" coveredstatements="0" elements="0" coveredelements="0"/>
    </file>
    <file name="/Users/olivier.mairet/Dev/cloud-jwt/src/Exception/Jwt/InvalidSegmentsNumberException.php">
      <class name="OpenClassrooms\CloudJwt\Exception\Jwt\InvalidSegmentsNumberException" namespace="global">
        <metrics complexity="0" methods="0" coveredmethods="0" conditionals="0" coveredconditionals="0" statements="0" coveredstatements="0" elements="0" coveredelements="0"/>
      </class>
      <metrics loc="11" ncloc="11" classes="0" methods="0" coveredmethods="0" conditionals="0" coveredconditionals="0" statements="0" coveredstatements="0" elements="0" coveredelements="0"/>
    </file>
    <file name="/Users/olivier.mairet/Dev/cloud-jwt/src/Exception/Jwt/InvalidSignatureEncodingException.php">
      <class name="OpenClassrooms\CloudJwt\Exception\Jwt\InvalidSignatureEncodingException" namespace="global">
        <metrics complexity="0" methods="0" coveredmethods="0" conditionals="0" coveredconditionals="0" statements="0" coveredstatements="0" elements="0" coveredelements="0"/>
      </class>
      <metrics loc="11" ncloc="11" classes="0" methods="0" coveredmethods="0" conditionals="0" coveredconditionals="0" statements="0" coveredstatements="0" elements="0" coveredelements="0"/>
    </file>
    <file name="/Users/olivier.mairet/Dev/cloud-jwt/src/Exception/Jwt/NoAlgorithmException.php">
      <class name="OpenClassrooms\CloudJwt\Exception\Jwt\NoAlgorithmException" namespace="global">
        <metrics complexity="0" methods="0" coveredmethods="0" conditionals="0" coveredconditionals="0" statements="0" coveredstatements="0" elements="0" coveredelements="0"/>
      </class>
      <metrics loc="11" ncloc="11" classes="0" methods="0" coveredmethods="0" conditionals="0" coveredconditionals="0" statements="0" coveredstatements="0" elements="0" coveredelements="0"/>
    </file>
    <file name="/Users/olivier.mairet/Dev/cloud-jwt/src/Exception/Jwt/NoKeyIdentifierException.php">
      <class name="OpenClassrooms\CloudJwt\Exception\Jwt\NoKeyIdentifierException" namespace="global">
        <metrics complexity="0" methods="0" coveredmethods="0" conditionals="0" coveredconditionals="0" statements="0" coveredstatements="0" elements="0" coveredelements="0"/>
      </class>
      <metrics loc="11" ncloc="11" classes="0" methods="0" coveredmethods="0" conditionals="0" coveredconditionals="0" statements="0" coveredstatements="0" elements="0" coveredelements="0"/>
    </file>
    <file name="/Users/olivier.mairet/Dev/cloud-jwt/src/Exception/Jwt/NotJsonDecodableException.php">
      <class name="OpenClassrooms\CloudJwt\Exception\Jwt\NotJsonDecodableException" namespace="global">
        <metrics complexity="0" methods="0" coveredmethods="0" conditionals="0" coveredconditionals="0" statements="0" coveredstatements="0" elements="0" coveredelements="0"/>
      </class>
      <metrics loc="11" ncloc="11" classes="0" methods="0" coveredmethods="0" conditionals="0" coveredconditionals="0" statements="0" coveredstatements="0" elements="0" coveredelements="0"/>
    </file>
    <file name="/Users/olivier.mairet/Dev/cloud-jwt/src/Exception/Jwt/NotJsonEncodableException.php">
      <class name="OpenClassrooms\CloudJwt\Exception\Jwt\NotJsonEncodableException" namespace="global">
        <metrics complexity="0" methods="0" coveredmethods="0" conditionals="0" coveredconditionals="0" statements="0" coveredstatements="0" elements="0" coveredelements="0"/>
      </class>
      <metrics loc="11" ncloc="11" classes="0" methods="0" coveredmethods="0" conditionals="0" coveredconditionals="0" statements="0" coveredstatements="0" elements="0" coveredelements="0"/>
    </file>
    <file name="/Users/olivier.mairet/Dev/cloud-jwt/src/Exception/Jwt/TokenAudiencesDoNotMatchException.php">
      <class name="OpenClassrooms\CloudJwt\Exception\Jwt\TokenAudiencesDoNotMatchException" namespace="global">
        <metrics complexity="0" methods="0" coveredmethods="0" conditionals="0" coveredconditionals="0" statements="0" coveredstatements="0" elements="0" coveredelements="0"/>
      </class>
      <metrics loc="11" ncloc="11" classes="0" methods="0" coveredmethods="0" conditionals="0" coveredconditionals="0" statements="0" coveredstatements="0" elements="0" coveredelements="0"/>
    </file>
    <file name="/Users/olivier.mairet/Dev/cloud-jwt/src/Exception/Jwt/TokenExpiredException.php">
      <class name="OpenClassrooms\CloudJwt\Exception\Jwt\TokenExpiredException" namespace="global">
        <metrics complexity="0" methods="0" coveredmethods="0" conditionals="0" coveredconditionals="0" statements="0" coveredstatements="0" elements="0" coveredelements="0"/>
      </class>
      <metrics loc="11" ncloc="11" classes="0" methods="0" coveredmethods="0" conditionals="0" coveredconditionals="0" statements="0" coveredstatements="0" elements="0" coveredelements="0"/>
    </file>
    <file name="/Users/olivier.mairet/Dev/cloud-jwt/src/Exception/Jwt/TokenMustNotBeAccessedYetException.php">
      <class name="OpenClassrooms\CloudJwt\Exception\Jwt\TokenMustNotBeAccessedYetException" namespace="global">
        <metrics complexity="0" methods="0" coveredmethods="0" conditionals="0" coveredconditionals="0" statements="0" coveredstatements="0" elements="0" coveredelements="0"/>
      </class>
      <metrics loc="11" ncloc="11" classes="0" methods="0" coveredmethods="0" conditionals="0" coveredconditionals="0" statements="0" coveredstatements="0" elements="0" coveredelements="0"/>
    </file>
    <file name="/Users/olivier.mairet/Dev/cloud-jwt/src/Exception/Jwt/TokenSubjectsDoNotMatchException.php">
      <class name="OpenClassrooms\CloudJwt\Exception\Jwt\TokenSubjectsDoNotMatchException" namespace="global">
        <metrics complexity="0" methods="0" coveredmethods="0" conditionals="0" coveredconditionals="0" statements="0" coveredstatements="0" elements="0" coveredelements="0"/>
      </class>
      <metrics loc="11" ncloc="11" classes="0" methods="0" coveredmethods="0" conditionals="0" coveredconditionals="0" statements="0" coveredstatements="0" elements="0" coveredelements="0"/>
    </file>
    <file name="/Users/olivier.mairet/Dev/cloud-jwt/src/Jwt/Base64Decoder.php">
      <class name="OpenClassrooms\CloudJwt\Jwt\Base64Decoder" namespace="global">
        <metrics complexity="3" methods="1" coveredmethods="1" conditionals="0" coveredconditionals="0" statements="8" coveredstatements="8" elements="9" coveredelements="9"/>
      </class>
      <line num="14" type="method" name="decode" visibility="public" complexity="3" crap="3" count="34"/>
      <line num="16" type="stmt" count="34"/>
      <line num="18" type="stmt" count="34"/>
      <line num="19" type="stmt" count="1"/>
      <line num="20" type="stmt" count="1"/>
      <line num="23" type="stmt" count="34"/>
      <line num="25" type="stmt" count="34"/>
      <line num="26" type="stmt" count="4"/>
      <line num="29" type="stmt" count="32"/>
      <metrics loc="31" ncloc="28" classes="1" methods="1" coveredmethods="1" conditionals="0" coveredconditionals="0" statements="8" coveredstatements="8" elements="9" coveredelements="9"/>
    </file>
    <file name="/Users/olivier.mairet/Dev/cloud-jwt/src/Jwt/Base64Encoder.php">
      <class name="OpenClassrooms\CloudJwt\Jwt\Base64Encoder" namespace="global">
        <metrics complexity="1" methods="1" coveredmethods="1" conditionals="0" coveredconditionals="0" statements="1" coveredstatements="1" elements="2" coveredelements="2"/>
      </class>
      <line num="9" type="method" name="encode" visibility="public" complexity="1" crap="1" count="5"/>
      <line num="11" type="stmt" count="5"/>
      <metrics loc="13" ncloc="13" classes="1" methods="1" coveredmethods="1" conditionals="0" coveredconditionals="0" statements="1" coveredstatements="1" elements="2" coveredelements="2"/>
    </file>
    <file name="/Users/olivier.mairet/Dev/cloud-jwt/src/Jwt/Decoder.php">
      <class name="OpenClassrooms\CloudJwt\Jwt\Decoder" namespace="global">
        <metrics complexity="6" methods="4" coveredmethods="4" conditionals="0" coveredconditionals="0" statements="13" coveredstatements="13" elements="17" coveredelements="17"/>
      </class>
      <line num="13" type="method" name="__construct" visibility="public" complexity="1" crap="1" count="9"/>
      <line num="15" type="stmt" count="9"/>
      <line num="16" type="stmt" count="9"/>
      <line num="33" type="method" name="decode" visibility="public" complexity="1" crap="1" count="7"/>
      <line num="35" type="stmt" count="7"/>
      <line num="53" type="method" name="decodeAsRaw" visibility="public" complexity="1" crap="1" count="1"/>
      <line num="55" type="stmt" count="1"/>
      <line num="73" type="method" name="doDecode" visibility="private" complexity="3" crap="3" count="8"/>
      <line num="75" type="stmt" count="8"/>
      <line num="77" type="stmt" count="8"/>
      <line num="78" type="stmt" count="7"/>
      <line num="80" type="stmt" count="6"/>
      <line num="81" type="stmt" count="1"/>
      <line num="84" type="stmt" count="5"/>
      <line num="85" type="stmt" count="1"/>
      <line num="88" type="stmt" count="4"/>
      <line num="90" type="stmt" count="2"/>
      <metrics loc="92" ncloc="47" classes="1" methods="4" coveredmethods="4" conditionals="0" coveredconditionals="0" statements="13" coveredstatements="13" elements="17" coveredelements="17"/>
    </file>
    <file name="/Users/olivier.mairet/Dev/cloud-jwt/src/Jwt/Encoder.php">
      <class name="OpenClassrooms\CloudJwt\Jwt\Encoder" namespace="global">
        <metrics complexity="7" methods="6" coveredmethods="6" conditionals="0" coveredconditionals="0" statements="13" coveredstatements="13" elements="19" coveredelements="19"/>
      </class>
      <line num="14" type="method" name="__construct" visibility="public" complexity="1" crap="1" count="5"/>
      <line num="16" type="stmt" count="5"/>
      <line num="17" type="stmt" count="5"/>
      <line num="23" type="method" name="encode" visibility="public" complexity="2" crap="2" count="4"/>
      <line num="25" type="stmt" count="4"/>
      <line num="26" type="stmt" count="4"/>
      <line num="27" type="stmt" count="3"/>
      <line num="29" type="stmt" count="2"/>
      <line num="32" type="method" name="buildTokenWithSignature" visibility="private" complexity="1" crap="1" count="2"/>
      <line num="34" type="stmt" count="2"/>
      <line num="40" type="method" name="buildTokenWithoutSignature" visibility="private" complexity="1" crap="1" count="4"/>
      <line num="42" type="stmt" count="4"/>
      <line num="48" type="method" name="buildHeadersSegment" visibility="private" complexity="1" crap="1" count="4"/>
      <line num="50" type="stmt" count="4"/>
      <line num="51" type="stmt" count="4"/>
      <line num="52" type="stmt" count="4"/>
      <line num="53" type="stmt" count="4"/>
      <line num="60" type="method" name="buildPayloadSegment" visibility="private" complexity="1" crap="1" count="4"/>
      <line num="62" type="stmt" count="4"/>
      <metrics loc="64" ncloc="51" classes="1" methods="6" coveredmethods="6" conditionals="0" coveredconditionals="0" statements="13" coveredstatements="13" elements="19" coveredelements="19"/>
    </file>
    <file name="/Users/olivier.mairet/Dev/cloud-jwt/src/Jwt/JsonDecoder.php">
      <class name="OpenClassrooms\CloudJwt\Jwt\JsonDecoder" namespace="global">
        <metrics complexity="2" methods="1" coveredmethods="1" conditionals="0" coveredconditionals="0" statements="4" coveredstatements="4" elements="5" coveredelements="5"/>
      </class>
      <line num="14" type="method" name="decode" visibility="public" complexity="2" crap="2" count="33"/>
      <line num="16" type="stmt" count="33"/>
      <line num="18" type="stmt" count="33"/>
      <line num="19" type="stmt" count="1"/>
      <line num="22" type="stmt" count="32"/>
      <metrics loc="24" ncloc="21" classes="1" methods="1" coveredmethods="1" conditionals="0" coveredconditionals="0" statements="4" coveredstatements="4" elements="5" coveredelements="5"/>
    </file>
    <file name="/Users/olivier.mairet/Dev/cloud-jwt/src/Jwt/JsonEncoder.php">
      <class name="OpenClassrooms\CloudJwt\Jwt\JsonEncoder" namespace="global">
        <metrics complexity="2" methods="1" coveredmethods="1" conditionals="0" coveredconditionals="0" statements="4" coveredstatements="4" elements="5" coveredelements="5"/>
      </class>
      <line num="14" type="method" name="encode" visibility="public" complexity="2" crap="2" count="6"/>
      <line num="16" type="stmt" count="6"/>
      <line num="18" type="stmt" count="6"/>
      <line num="19" type="stmt" count="2"/>
      <line num="22" type="stmt" count="5"/>
      <metrics loc="24" ncloc="21" classes="1" methods="1" coveredmethods="1" conditionals="0" coveredconditionals="0" statements="4" coveredstatements="4" elements="5" coveredelements="5"/>
    </file>
    <file name="/Users/olivier.mairet/Dev/cloud-jwt/src/Jwt/Jwt.php">
      <class name="OpenClassrooms\CloudJwt\Jwt\Jwt" namespace="global">
        <metrics complexity="27" methods="15" coveredmethods="15" conditionals="0" coveredconditionals="0" statements="49" coveredstatements="49" elements="64" coveredelements="64"/>
      </class>
      <line num="39" type="method" name="__construct" visibility="public" complexity="1" crap="1" count="33"/>
      <line num="41" type="stmt" count="33"/>
      <line num="42" type="stmt" count="29"/>
      <line num="51" type="method" name="decodeToken" visibility="private" complexity="2" crap="2" count="33"/>
      <line num="53" type="stmt" count="33"/>
      <line num="55" type="stmt" count="33"/>
      <line num="56" type="stmt" count="1"/>
      <line num="59" type="stmt" count="32"/>
      <line num="60" type="stmt" count="31"/>
      <line num="61" type="stmt" count="30"/>
      <line num="62" type="stmt" count="29"/>
      <line num="63" type="stmt" count="29"/>
      <line num="69" type="method" name="decodeHeaders" visibility="private" complexity="2" crap="2" count="32"/>
      <line num="72" type="stmt" count="32"/>
      <line num="73" type="stmt" count="1"/>
      <line num="74" type="stmt" count="1"/>
      <line num="76" type="stmt" count="31"/>
      <line num="82" type="method" name="decodePayload" visibility="private" complexity="2" crap="2" count="31"/>
      <line num="85" type="stmt" count="31"/>
      <line num="86" type="stmt" count="30"/>
      <line num="87" type="stmt" count="1"/>
      <line num="88" type="stmt" count="1"/>
      <line num="90" type="stmt" count="30"/>
      <line num="95" type="method" name="decodeSignature" visibility="private" complexity="2" crap="2" count="30"/>
      <line num="98" type="stmt" count="30"/>
      <line num="99" type="stmt" count="1"/>
      <line num="100" type="stmt" count="1"/>
      <line num="102" type="stmt" count="29"/>
      <line num="107" type="method" name="getKeyId" visibility="public" complexity="2" crap="2" count="6"/>
      <line num="109" type="stmt" count="6"/>
      <line num="110" type="stmt" count="1"/>
      <line num="113" type="stmt" count="5"/>
      <line num="119" type="method" name="getAlgorithm" visibility="public" complexity="2" crap="2" count="6"/>
      <line num="121" type="stmt" count="6"/>
      <line num="122" type="stmt" count="1"/>
      <line num="125" type="stmt" count="5"/>
      <line num="128" type="method" name="getPayload" visibility="public" complexity="1" crap="1" count="2"/>
      <line num="130" type="stmt" count="2"/>
      <line num="133" type="method" name="getRawPayload" visibility="public" complexity="1" crap="1" count="2"/>
      <line num="135" type="stmt" count="2"/>
      <line num="138" type="method" name="getSignature" visibility="public" complexity="1" crap="1" count="5"/>
      <line num="140" type="stmt" count="5"/>
      <line num="143" type="method" name="getSigned" visibility="public" complexity="1" crap="1" count="5"/>
      <line num="145" type="stmt" count="5"/>
      <line num="151" type="method" name="checkExpired" visibility="public" complexity="3" crap="3" count="12"/>
      <line num="153" type="stmt" count="12"/>
      <line num="154" type="stmt" count="8"/>
      <line num="157" type="stmt" count="4"/>
      <line num="158" type="stmt" count="2"/>
      <line num="160" type="stmt" count="2"/>
      <line num="165" type="method" name="checkNotBefore" visibility="public" complexity="3" crap="3" count="11"/>
      <line num="167" type="stmt" count="11"/>
      <line num="168" type="stmt" count="7"/>
      <line num="171" type="stmt" count="4"/>
      <line num="172" type="stmt" count="2"/>
      <line num="174" type="stmt" count="2"/>
      <line num="179" type="method" name="checkSubject" visibility="public" complexity="2" crap="2" count="3"/>
      <line num="181" type="stmt" count="3"/>
      <line num="182" type="stmt" count="2"/>
      <line num="184" type="stmt" count="1"/>
      <line num="189" type="method" name="checkAudience" visibility="public" complexity="2" crap="2" count="3"/>
      <line num="191" type="stmt" count="3"/>
      <line num="192" type="stmt" count="2"/>
      <line num="194" type="stmt" count="1"/>
      <metrics loc="195" ncloc="152" classes="1" methods="15" coveredmethods="15" conditionals="0" coveredconditionals="0" statements="49" coveredstatements="49" elements="64" coveredelements="64"/>
    </file>
    <file name="/Users/olivier.mairet/Dev/cloud-jwt/src/Jwt/TokenClaims.php">
      <class name="OpenClassrooms\CloudJwt\Jwt\TokenClaims" namespace="global">
        <metrics complexity="10" methods="8" coveredmethods="8" conditionals="0" coveredconditionals="0" statements="19" coveredstatements="19" elements="27" coveredelements="27"/>
      </class>
      <line num="21" type="method" name="create" visibility="public" complexity="1" crap="1" count="1"/>
      <line num="23" type="stmt" count="1"/>
      <line num="26" type="method" name="withAudience" visibility="public" complexity="1" crap="1" count="2"/>
      <line num="28" type="stmt" count="2"/>
      <line num="30" type="stmt" count="2"/>
      <line num="33" type="method" name="withExpiration" visibility="public" complexity="1" crap="1" count="1"/>
      <line num="35" type="stmt" count="1"/>
      <line num="37" type="stmt" count="1"/>
      <line num="40" type="method" name="withIdentifier" visibility="public" complexity="1" crap="1" count="1"/>
      <line num="42" type="stmt" count="1"/>
      <line num="44" type="stmt" count="1"/>
      <line num="47" type="method" name="withIssuer" visibility="public" complexity="1" crap="1" count="1"/>
      <line num="49" type="stmt" count="1"/>
      <line num="51" type="stmt" count="1"/>
      <line num="54" type="method" name="withNotBefore" visibility="public" complexity="1" crap="1" count="1"/>
      <line num="56" type="stmt" count="1"/>
      <line num="58" type="stmt" count="1"/>
      <line num="61" type="method" name="withSubject" visibility="public" complexity="1" crap="1" count="2"/>
      <line num="63" type="stmt" count="2"/>
      <line num="65" type="stmt" count="2"/>
      <line num="68" type="method" name="toArray" visibility="public" complexity="3" crap="3" count="8"/>
      <line num="71" type="stmt" count="8"/>
      <line num="78" type="stmt" count="8"/>
      <line num="80" type="stmt" count="8"/>
      <line num="81" type="stmt" count="8"/>
      <line num="82" type="stmt" count="7"/>
      <line num="86" type="stmt" count="8"/>
      <metrics loc="88" ncloc="88" classes="1" methods="8" coveredmethods="8" conditionals="0" coveredconditionals="0" statements="19" coveredstatements="19" elements="27" coveredelements="27"/>
    </file>
    <metrics files="31" loc="924" ncloc="795" classes="14" methods="47" coveredmethods="47" conditionals="0" coveredconditionals="0" statements="155" coveredstatements="155" elements="202" coveredelements="202"/>
  </project>
</coverage>
